[2022-03-13 10:23:18] [ ERROR] [AirplaneDaoH2:44] org.h2.jdbc.JdbcSQLIntegrityConstraintViolationException: Violación de indice de Unicidad ó Clave primaria: "PRIMARY KEY ON PUBLIC.AIRPLANE(ID) ( /* key:0 */ CAST(1 AS BIGINT), 'aaa', 'a1', 'a1-789', '01/03/2022')"
Unique index or primary key violation: "PRIMARY KEY ON PUBLIC.AIRPLANE(ID) ( /* key:0 */ CAST(1 AS BIGINT), 'aaa', 'a1', 'a1-789', '01/03/2022')"; SQL statement:
INSERT INTO airplane VALUES(?, ?, ?, ?, ?) [23505-210]
[2022-03-13 10:23:18] [ INFO ] [AirplaneDaoH2:39] Se registró el avión con id 2, marca bbb y modelo b1 satisfactoriamente
[2022-03-13 10:25:41] [ ERROR] [AirplaneDaoH2:44] org.h2.jdbc.JdbcSQLIntegrityConstraintViolationException: Violación de indice de Unicidad ó Clave primaria: "PRIMARY KEY ON PUBLIC.AIRPLANE(ID) ( /* key:0 */ CAST(1 AS BIGINT), 'aaa', 'a1', 'a1-789', '01/03/2022')"
Unique index or primary key violation: "PRIMARY KEY ON PUBLIC.AIRPLANE(ID) ( /* key:0 */ CAST(1 AS BIGINT), 'aaa', 'a1', 'a1-789', '01/03/2022')"; SQL statement:
INSERT INTO airplane VALUES(?, ?, ?, ?, ?) [23505-210]
[2022-03-13 10:25:41] [ ERROR] [AirplaneDaoH2:44] org.h2.jdbc.JdbcSQLIntegrityConstraintViolationException: Violación de indice de Unicidad ó Clave primaria: "PRIMARY KEY ON PUBLIC.AIRPLANE(ID) ( /* key:0 */ CAST(2 AS BIGINT), 'bbb', 'b1', 'b1-789', '01/03/2022')"
Unique index or primary key violation: "PRIMARY KEY ON PUBLIC.AIRPLANE(ID) ( /* key:0 */ CAST(2 AS BIGINT), 'bbb', 'b1', 'b1-789', '01/03/2022')"; SQL statement:
INSERT INTO airplane VALUES(?, ?, ?, ?, ?) [23505-210]
[2022-03-13 10:33:01] [ ERROR] [AirplaneDaoH2:44] org.h2.jdbc.JdbcSQLNonTransientConnectionException: La base de datos puede que ya esté siendo utilizada: null. Soluciones Posibles: cierre todas las otras conexiones; use el modo server
Database may be already in use: null. Possible solutions: close all other connection(s); use the server mode [90020-210]
[2022-03-13 10:33:01] [ ERROR] [AirplaneDaoH2:44] org.h2.jdbc.JdbcSQLNonTransientConnectionException: La base de datos puede que ya esté siendo utilizada: null. Soluciones Posibles: cierre todas las otras conexiones; use el modo server
Database may be already in use: null. Possible solutions: close all other connection(s); use the server mode [90020-210]
[2022-03-13 10:33:01] [ ERROR] [AirplaneDaoH2:133] org.h2.jdbc.JdbcSQLNonTransientConnectionException: La base de datos puede que ya esté siendo utilizada: null. Soluciones Posibles: cierre todas las otras conexiones; use el modo server
Database may be already in use: null. Possible solutions: close all other connection(s); use the server mode [90020-210]
[2022-03-13 10:33:20] [ ERROR] [AirplaneDaoH2:44] org.h2.jdbc.JdbcSQLIntegrityConstraintViolationException: Violación de indice de Unicidad ó Clave primaria: "PRIMARY KEY ON PUBLIC.AIRPLANE(ID) ( /* key:0 */ CAST(1 AS BIGINT), 'aaa', 'a1', 'a1-789', '01/03/2022')"
Unique index or primary key violation: "PRIMARY KEY ON PUBLIC.AIRPLANE(ID) ( /* key:0 */ CAST(1 AS BIGINT), 'aaa', 'a1', 'a1-789', '01/03/2022')"; SQL statement:
INSERT INTO airplane VALUES(?, ?, ?, ?, ?) [23505-210]
[2022-03-13 10:33:20] [ ERROR] [AirplaneDaoH2:44] org.h2.jdbc.JdbcSQLIntegrityConstraintViolationException: Violación de indice de Unicidad ó Clave primaria: "PRIMARY KEY ON PUBLIC.AIRPLANE(ID) ( /* key:0 */ CAST(2 AS BIGINT), 'bbb', 'b1', 'b1-789', '01/03/2022')"
Unique index or primary key violation: "PRIMARY KEY ON PUBLIC.AIRPLANE(ID) ( /* key:0 */ CAST(2 AS BIGINT), 'bbb', 'b1', 'b1-789', '01/03/2022')"; SQL statement:
INSERT INTO airplane VALUES(?, ?, ?, ?, ?) [23505-210]
[2022-03-13 11:00:20] [ ERROR] [AirplaneDaoH2:44] org.h2.jdbc.JdbcSQLIntegrityConstraintViolationException: Violación de indice de Unicidad ó Clave primaria: "PRIMARY KEY ON PUBLIC.AIRPLANE(ID) ( /* key:0 */ CAST(1 AS BIGINT), 'aaa', 'a1', 'a1-789', '01/03/2022')"
Unique index or primary key violation: "PRIMARY KEY ON PUBLIC.AIRPLANE(ID) ( /* key:0 */ CAST(1 AS BIGINT), 'aaa', 'a1', 'a1-789', '01/03/2022')"; SQL statement:
INSERT INTO airplane VALUES(?, ?, ?, ?, ?) [23505-210]
[2022-03-13 11:00:20] [ ERROR] [AirplaneDaoH2:44] org.h2.jdbc.JdbcSQLIntegrityConstraintViolationException: Violación de indice de Unicidad ó Clave primaria: "PRIMARY KEY ON PUBLIC.AIRPLANE(ID) ( /* key:0 */ CAST(2 AS BIGINT), 'bbb', 'b1', 'b1-789', '01/03/2022')"
Unique index or primary key violation: "PRIMARY KEY ON PUBLIC.AIRPLANE(ID) ( /* key:0 */ CAST(2 AS BIGINT), 'bbb', 'b1', 'b1-789', '01/03/2022')"; SQL statement:
INSERT INTO airplane VALUES(?, ?, ?, ?, ?) [23505-210]
[2022-03-13 11:03:34] [ ERROR] [AirplaneDaoH2:44] org.h2.jdbc.JdbcSQLIntegrityConstraintViolationException: Violación de indice de Unicidad ó Clave primaria: "PRIMARY KEY ON PUBLIC.AIRPLANE(ID) ( /* key:0 */ CAST(1 AS BIGINT), 'aaa', 'a1', 'a1-789', '01/03/2022')"
Unique index or primary key violation: "PRIMARY KEY ON PUBLIC.AIRPLANE(ID) ( /* key:0 */ CAST(1 AS BIGINT), 'aaa', 'a1', 'a1-789', '01/03/2022')"; SQL statement:
INSERT INTO airplane VALUES(?, ?, ?, ?, ?) [23505-210]
[2022-03-13 11:03:34] [ ERROR] [AirplaneDaoH2:44] org.h2.jdbc.JdbcSQLIntegrityConstraintViolationException: Violación de indice de Unicidad ó Clave primaria: "PRIMARY KEY ON PUBLIC.AIRPLANE(ID) ( /* key:0 */ CAST(2 AS BIGINT), 'bbb', 'b1', 'b1-789', '01/03/2022')"
Unique index or primary key violation: "PRIMARY KEY ON PUBLIC.AIRPLANE(ID) ( /* key:0 */ CAST(2 AS BIGINT), 'bbb', 'b1', 'b1-789', '01/03/2022')"; SQL statement:
INSERT INTO airplane VALUES(?, ?, ?, ?, ?) [23505-210]
[2022-03-14 08:16:41] [ ERROR] [AirplaneDaoH2:44] org.h2.jdbc.JdbcSQLIntegrityConstraintViolationException: Violación de indice de Unicidad ó Clave primaria: "PRIMARY KEY ON PUBLIC.AIRPLANE(ID) ( /* key:0 */ CAST(1 AS BIGINT), 'aaa', 'a1', 'a1-789', '01/03/2022')"
Unique index or primary key violation: "PRIMARY KEY ON PUBLIC.AIRPLANE(ID) ( /* key:0 */ CAST(1 AS BIGINT), 'aaa', 'a1', 'a1-789', '01/03/2022')"; SQL statement:
INSERT INTO airplane VALUES(?, ?, ?, ?, ?) [23505-210]
[2022-03-14 08:16:41] [ ERROR] [AirplaneDaoH2:44] org.h2.jdbc.JdbcSQLIntegrityConstraintViolationException: Violación de indice de Unicidad ó Clave primaria: "PRIMARY KEY ON PUBLIC.AIRPLANE(ID) ( /* key:0 */ CAST(2 AS BIGINT), 'bbb', 'b1', 'b1-789', '01/03/2022')"
Unique index or primary key violation: "PRIMARY KEY ON PUBLIC.AIRPLANE(ID) ( /* key:0 */ CAST(2 AS BIGINT), 'bbb', 'b1', 'b1-789', '01/03/2022')"; SQL statement:
INSERT INTO airplane VALUES(?, ?, ?, ?, ?) [23505-210]
[2022-03-14 08:16:41] [ INFO ] [AirplaneDaoH2:94] Se realizó satisfactoriamente la búsqueda del avión con id 1: marca aaa - modelo a1 - fecha inicio en servicio 01/03/2022
[2022-03-15 12:36:14] [ ERROR] [AirplaneDaoH2:44] org.h2.jdbc.JdbcSQLIntegrityConstraintViolationException: Violación de indice de Unicidad ó Clave primaria: "PRIMARY KEY ON PUBLIC.AIRPLANE(ID) ( /* key:0 */ CAST(1 AS BIGINT), 'aaa', 'a1', 'a1-789', '01/03/2022')"
Unique index or primary key violation: "PRIMARY KEY ON PUBLIC.AIRPLANE(ID) ( /* key:0 */ CAST(1 AS BIGINT), 'aaa', 'a1', 'a1-789', '01/03/2022')"; SQL statement:
INSERT INTO airplane VALUES(?, ?, ?, ?, ?) [23505-210]
[2022-03-15 12:36:14] [ ERROR] [AirplaneDaoH2:44] org.h2.jdbc.JdbcSQLIntegrityConstraintViolationException: Violación de indice de Unicidad ó Clave primaria: "PRIMARY KEY ON PUBLIC.AIRPLANE(ID) ( /* key:0 */ CAST(2 AS BIGINT), 'bbb', 'b1', 'b1-789', '01/03/2022')"
Unique index or primary key violation: "PRIMARY KEY ON PUBLIC.AIRPLANE(ID) ( /* key:0 */ CAST(2 AS BIGINT), 'bbb', 'b1', 'b1-789', '01/03/2022')"; SQL statement:
INSERT INTO airplane VALUES(?, ?, ?, ?, ?) [23505-210]
[2022-03-15 12:36:14] [ INFO ] [AirplaneDaoH2:126] * Avión * id: 1 - marca: aaa - modelo: a1 - licencia: a1-789 - fecha inicio en servicio: 01/03/2022
[2022-03-15 12:36:14] [ INFO ] [AirplaneDaoH2:126] * Avión * id: 2 - marca: bbb - modelo: b1 - licencia: b1-789 - fecha inicio en servicio: 01/03/2022
[2022-03-15 12:46:33] [ ERROR] [AirplaneDaoH2:44] org.h2.jdbc.JdbcSQLIntegrityConstraintViolationException: Violación de indice de Unicidad ó Clave primaria: "PRIMARY KEY ON PUBLIC.AIRPLANE(ID) ( /* key:0 */ CAST(1 AS BIGINT), 'aaa', 'a1', 'a1-789', '01/03/2022')"
Unique index or primary key violation: "PRIMARY KEY ON PUBLIC.AIRPLANE(ID) ( /* key:0 */ CAST(1 AS BIGINT), 'aaa', 'a1', 'a1-789', '01/03/2022')"; SQL statement:
INSERT INTO airplane VALUES(?, ?, ?, ?, ?) [23505-210]
[2022-03-15 12:46:33] [ INFO ] [AirplaneDaoH2:126] * Avión * id: 1 - marca: aaa - modelo: a1 - licencia: a1-789 - fecha inicio en servicio: 01/03/2022
[2022-03-15 12:46:33] [ INFO ] [AirplaneDaoH2:126] * Avión * id: 2 - marca: bbb - modelo: b1 - licencia: b1-789 - fecha inicio en servicio: 01/03/2022
[2022-03-15 12:47:17] [ ERROR] [AirplaneDaoH2:44] org.h2.jdbc.JdbcSQLIntegrityConstraintViolationException: Violación de indice de Unicidad ó Clave primaria: "PRIMARY KEY ON PUBLIC.AIRPLANE(ID) ( /* key:0 */ CAST(1 AS BIGINT), 'aaa', 'a1', 'a1-789', '01/03/2022')"
Unique index or primary key violation: "PRIMARY KEY ON PUBLIC.AIRPLANE(ID) ( /* key:0 */ CAST(1 AS BIGINT), 'aaa', 'a1', 'a1-789', '01/03/2022')"; SQL statement:
INSERT INTO airplane VALUES(?, ?, ?, ?, ?) [23505-210]
[2022-03-15 12:47:17] [ INFO ] [AirplaneDaoH2:126] * Avión * id: 1 - marca: aaa - modelo: a1 - licencia: a1-789 - fecha inicio en servicio: 01/03/2022
[2022-03-15 12:47:17] [ INFO ] [AirplaneDaoH2:126] * Avión * id: 2 - marca: bbb - modelo: b1 - licencia: b1-789 - fecha inicio en servicio: 01/03/2022
[2022-03-15 12:48:09] [ INFO ] [AirplaneDaoH2:39] Se registró el avión con id 4, marca aaa y modelo a1 satisfactoriamente
[2022-03-15 12:48:09] [ INFO ] [AirplaneDaoH2:126] * Avión * id: 1 - marca: aaa - modelo: a1 - licencia: a1-789 - fecha inicio en servicio: 01/03/2022
[2022-03-15 12:48:09] [ INFO ] [AirplaneDaoH2:126] * Avión * id: 2 - marca: bbb - modelo: b1 - licencia: b1-789 - fecha inicio en servicio: 01/03/2022
[2022-03-15 12:48:09] [ INFO ] [AirplaneDaoH2:126] * Avión * id: 4 - marca: aaa - modelo: a1 - licencia: a1-789 - fecha inicio en servicio: 01/03/2022
